<?xml version="1.0" encoding="UTF-8"?>
<!-- Generated by org.testng.reporters.JUnitReportReporter -->
<testsuite hostname="tama" failures="0" tests="3" name="codenboxautomationlab.codenboxautomationlab.AppTest" time="3.315" errors="0" timestamp="2025-04-21T19:01:41 GMT+03:00" skipped="0">
  <testcase classname="codenboxautomationlab.codenboxautomationlab.AppTest" name="radioButton" time="0.087"/>
  <testcase classname="codenboxautomationlab.codenboxautomationlab.AppTest" name="dynamicDropdownList" time="1.116"/>
  <testcase classname="codenboxautomationlab.codenboxautomationlab.AppTest" name="staticDropdownList" time="2.112"/>
</testsuite> <!-- codenboxautomationlab.codenboxautomationlab.AppTest -->
