<?xml version="1.0" encoding="UTF-8"?>
<!-- Generated by org.testng.reporters.JUnitReportReporter -->
<testsuite hostname="tama" failures="0" tests="1" name="codenboxautomationlab.codenboxautomationlab.AppTest" time="0.099" errors="0" timestamp="2025-04-21T18:32:33 GMT+03:00" skipped="0">
  <testcase classname="codenboxautomationlab.codenboxautomationlab.AppTest" name="RadioButton" time="0.099"/>
</testsuite> <!-- codenboxautomationlab.codenboxautomationlab.AppTest -->
